<?xml version="1.0" encoding="UTF-8"?>
<testng-results skipped="0" failed="0" total="2" passed="2">
  <reporter-output>
  </reporter-output>
  <suite name="all" duration-ms="0" started-at="2019-04-14T19:38:06Z" finished-at="2019-04-14T19:38:06Z">
    <groups>
    </groups>
  </suite> <!-- all -->
  <suite name="Suite" duration-ms="7474" started-at="2019-04-14T19:37:57Z" finished-at="2019-04-14T19:38:05Z">
    <groups>
    </groups>
    <test name="Test" duration-ms="7474" started-at="2019-04-14T19:37:57Z" finished-at="2019-04-14T19:38:05Z">
      <class name="com.app.testscripts.InputForm">
        <test-method status="PASS" signature="setUp()[pri:0, instance:com.app.testscripts.InputForm@12cbfa]" name="setUp" is-config="true" duration-ms="15627" started-at="2019-04-15T01:07:24Z" finished-at="2019-04-15T01:07:40Z">
          <reporter-output>
          </reporter-output>
        </test-method> <!-- setUp -->
        <test-method status="PASS" signature="TestInputForm()[pri:0, instance:com.app.testscripts.InputForm@12cbfa]" name="TestInputForm" duration-ms="5532" started-at="2019-04-15T01:07:40Z" finished-at="2019-04-15T01:07:45Z">
          <reporter-output>
          </reporter-output>
        </test-method> <!-- TestInputForm -->
        <test-method status="PASS" signature="afterMainMethod()[pri:0, instance:com.app.testscripts.InputForm@12cbfa]" name="afterMainMethod" is-config="true" duration-ms="1809" started-at="2019-04-15T01:07:45Z" finished-at="2019-04-15T01:07:47Z">
          <reporter-output>
          </reporter-output>
        </test-method> <!-- afterMainMethod -->
        <test-method status="PASS" signature="setUp()[pri:0, instance:com.app.testscripts.InputForm@12cbfa]" name="setUp" is-config="true" duration-ms="9770" started-at="2019-04-15T01:07:47Z" finished-at="2019-04-15T01:07:57Z">
          <reporter-output>
          </reporter-output>
        </test-method> <!-- setUp -->
        <test-method status="PASS" signature="TestInputForm()[pri:0, instance:com.app.testscripts.InputForm@12cbfa]" name="TestInputForm" duration-ms="7473" started-at="2019-04-15T01:07:57Z" finished-at="2019-04-15T01:08:05Z">
          <reporter-output>
          </reporter-output>
        </test-method> <!-- TestInputForm -->
        <test-method status="PASS" signature="afterMainMethod()[pri:0, instance:com.app.testscripts.InputForm@12cbfa]" name="afterMainMethod" is-config="true" duration-ms="1931" started-at="2019-04-15T01:08:05Z" finished-at="2019-04-15T01:08:06Z">
          <reporter-output>
          </reporter-output>
        </test-method> <!-- afterMainMethod -->
      </class> <!-- com.app.testscripts.InputForm -->
    </test> <!-- Test -->
  </suite> <!-- Suite -->
</testng-results>
